<?xml version="1.0" encoding="UTF-8"?>
<testng-results skipped="0" failed="0" ignored="0" total="2" passed="2">
  <reporter-output>
  </reporter-output>
  <suite name="Suite" duration-ms="34" started-at="2018-12-07T11:22:59Z" finished-at="2018-12-07T11:22:59Z">
    <groups>
    </groups>
    <test name="Test" duration-ms="34" started-at="2018-12-07T11:22:59Z" finished-at="2018-12-07T11:22:59Z">
      <class name="com.demo.testcases.GetUsers">
        <test-method status="PASS" signature="getAllUsers()[pri:0, instance:com.demo.testcases.GetUsers@12bb4df8]" name="getAllUsers" duration-ms="17" started-at="2018-12-07T16:52:59Z" finished-at="2018-12-07T16:52:59Z">
          <reporter-output>
          </reporter-output>
        </test-method> <!-- getAllUsers -->
        <test-method status="PASS" signature="getUserById()[pri:0, instance:com.demo.testcases.GetUsers@12bb4df8]" name="getUserById" duration-ms="1" started-at="2018-12-07T16:52:59Z" finished-at="2018-12-07T16:52:59Z">
          <reporter-output>
          </reporter-output>
        </test-method> <!-- getUserById -->
      </class> <!-- com.demo.testcases.GetUsers -->
    </test> <!-- Test -->
  </suite> <!-- Suite -->
</testng-results>
