<?xml version="1.0" encoding="UTF-8"?>
<testng-results skipped="0" failed="0" ignored="0" total="2" passed="2">
  <reporter-output>
  </reporter-output>
  <suite name="Suite" duration-ms="60" started-at="2018-12-07T18:41:37Z" finished-at="2018-12-07T18:41:37Z">
    <groups>
    </groups>
    <test name="Test" duration-ms="60" started-at="2018-12-07T18:41:37Z" finished-at="2018-12-07T18:41:37Z">
      <class name="com.demo.testcases.GetUsers">
        <test-method status="PASS" signature="getAllUsers()[pri:0, instance:com.demo.testcases.GetUsers@e6ea0c6]" name="getAllUsers" duration-ms="20" started-at="2018-12-07T18:41:37Z" finished-at="2018-12-07T18:41:37Z">
          <reporter-output>
          </reporter-output>
        </test-method> <!-- getAllUsers -->
        <test-method status="PASS" signature="getUserById()[pri:0, instance:com.demo.testcases.GetUsers@e6ea0c6]" name="getUserById" duration-ms="0" started-at="2018-12-07T18:41:37Z" finished-at="2018-12-07T18:41:37Z">
          <reporter-output>
          </reporter-output>
        </test-method> <!-- getUserById -->
      </class> <!-- com.demo.testcases.GetUsers -->
    </test> <!-- Test -->
  </suite> <!-- Suite -->
</testng-results>
